#
# A fatal error has been detected by the Java Runtime Environment:
#
#  Internal Error (sharedRuntime.cpp:665), pid=4932, tid=4100
#  guarantee(false) failed: missing exception handler
#
# JRE version: 6.0_27-b07
# Java VM: Java HotSpot(TM) 64-Bit Server VM (20.2-b06 mixed mode windows-amd64 compressed oops)
# If you would like to submit a bug report, please visit:
#   http://java.sun.com/webapps/bugreport/crash.jsp
#

---------------  T H R E A D  ---------------

Current thread (0x0000000007a89000):  JavaThread "Code server for userapp from Mozilla/5.0 (compatible; MSIE 9.0; Windows NT 6.1; Win64; x64; Trident/5.0; .NET CLR 2.0.50727; SLCC2; .NET CLR 3.5.30729; .NET CLR 3.0.30729; .NET4.0C; Media Center PC 6.0) on http://127.0.0.1:8888/UserApp.html?gwt.codesvr=127.0.0.1:9997 @ `*|lb5}\llx7(M79" daemon [_thread_in_vm, id=4100, stack(0x000000000a750000,0x000000000a850000)]

Stack: [0x000000000a750000,0x000000000a850000]
Java frames: (J=compiled Java code, j=interpreted, Vv=VM code)
v  ~ExceptionBlob
J  java.net.SocketInputStream.read([BII)I
J  java.io.BufferedInputStream.fill()V
J  java.io.BufferedInputStream.read()I
J  java.io.DataInputStream.readByte()B
j  com.google.gwt.dev.shell.BrowserChannel$Message.readMessageType(Ljava/io/DataInputStream;)Lcom/google/gwt/dev/shell/BrowserChannel$MessageType;+6
j  com.google.gwt.dev.shell.BrowserChannelServer.reactToMessages(Lcom/google/gwt/dev/shell/BrowserChannelServer$SessionHandlerServer;)V+11
j  com.google.gwt.dev.shell.BrowserChannelServer.processConnection()V+877
j  com.google.gwt.dev.shell.BrowserChannelServer.run()V+1
j  java.lang.Thread.run()V+11
v  ~StubRoutines::call_stub

---------------  P R O C E S S  ---------------

Java Threads: ( => current thread )
  0x0000000009b24800 JavaThread "Code server for userapp from Mozilla/5.0 (compatible; MSIE 9.0; Windows NT 6.1; Win64; x64; Trident/5.0; .NET CLR 2.0.50727; SLCC2; .NET CLR 3.5.30729; .NET CLR 3.0.30729; .NET4.0C; Media Center PC 6.0) on http://127.0.0.1:8888/UserApp.html?gwt.codesvr=127.0.0.1:9997 @ Q.p2l'[7lbrczP\[" daemon [_thread_blocked, id=6316, stack(0x0000000010350000,0x0000000010450000)]
  0x00000000061f1800 JavaThread "Code server for userapp from Mozilla/5.0 (compatible; MSIE 9.0; Windows NT 6.1; Win64; x64; Trident/5.0; .NET CLR 2.0.50727; SLCC2; .NET CLR 3.5.30729; .NET CLR 3.0.30729; .NET4.0C; Media Center PC 6.0) on http://127.0.0.1:8888/UserApp.html?gwt.codesvr=127.0.0.1:9997 @ 2)X_eeWT1-'f_jw[" daemon [_thread_blocked, id=7196, stack(0x0000000010050000,0x0000000010150000)]
  0x0000000007a87800 JavaThread "253211606@qtp-1970189772-14" [_thread_blocked, id=4748, stack(0x0000000007450000,0x0000000007550000)]
  0x00000000061f0000 JavaThread "Code server for userapp from Mozilla/5.0 (compatible; MSIE 9.0; Windows NT 6.1; Win64; x64; Trident/5.0; .NET CLR 2.0.50727; SLCC2; .NET CLR 3.5.30729; .NET CLR 3.0.30729; .NET4.0C; Media Center PC 6.0) on http://127.0.0.1:8888/UserApp.html?gwt.codesvr=127.0.0.1:9997 @ dbC^p.j6)4m8E|MM" daemon [_thread_blocked, id=3500, stack(0x000000000fc50000,0x000000000fd50000)]
  0x00000000061ef000 JavaThread "208995186@qtp-1970189772-13" [_thread_blocked, id=880, stack(0x000000000fa50000,0x000000000fb50000)]
  0x0000000007a88800 JavaThread "Code server for userapp from Mozilla/5.0 (compatible; MSIE 9.0; Windows NT 6.1; Win64; x64; Trident/5.0; .NET CLR 2.0.50727; SLCC2; .NET CLR 3.5.30729; .NET CLR 3.0.30729; .NET4.0C; Media Center PC 6.0) on http://127.0.0.1:8888/UserApp.html?gwt.codesvr=127.0.0.1:9997 @ hsmKrWuXYNw^lIp~" daemon [_thread_blocked, id=7308, stack(0x000000000a550000,0x000000000a650000)]
  0x00000000061ee800 JavaThread "Code server for userapp from Mozilla/5.0 (compatible; MSIE 9.0; Windows NT 6.1; Win64; x64; Trident/5.0; .NET CLR 2.0.50727; SLCC2; .NET CLR 3.5.30729; .NET CLR 3.0.30729; .NET4.0C; Media Center PC 6.0) on http://127.0.0.1:8888/UserApp.html?gwt.codesvr=127.0.0.1:9997 @ P.}V<~%kP<Jww-b3" daemon [_thread_blocked, id=1988, stack(0x000000000fb50000,0x000000000fc50000)]
  0x00000000061ee000 JavaThread "Code server for userapp from Mozilla/5.0 (compatible; MSIE 9.0; Windows NT 6.1; Win64; x64; Trident/5.0; .NET CLR 2.0.50727; SLCC2; .NET CLR 3.5.30729; .NET CLR 3.0.30729; .NET4.0C; Media Center PC 6.0) on http://127.0.0.1:8888/UserApp.html?gwt.codesvr=127.0.0.1:9997 @ OU?S*-6+?%.8:28)" daemon [_thread_blocked, id=4692, stack(0x000000000fe50000,0x000000000ff50000)]
  0x00000000061ed000 JavaThread "Code server for userapp from Mozilla/5.0 (compatible; MSIE 9.0; Windows NT 6.1; Win64; x64; Trident/5.0; .NET CLR 2.0.50727; SLCC2; .NET CLR 3.5.30729; .NET CLR 3.0.30729; .NET4.0C; Media Center PC 6.0) on http://127.0.0.1:8888/UserApp.html?gwt.codesvr=127.0.0.1:9997 @ I6O|-j!pLi27u.{7" daemon [_thread_blocked, id=5832, stack(0x000000000fd50000,0x000000000fe50000)]
  0x00000000061eb800 JavaThread "Code server for userapp from Mozilla/5.0 (compatible; MSIE 9.0; Windows NT 6.1; Win64; x64; Trident/5.0; .NET CLR 2.0.50727; SLCC2; .NET CLR 3.5.30729; .NET CLR 3.0.30729; .NET4.0C; Media Center PC 6.0) on http://127.0.0.1:8888/UserApp.html?gwt.codesvr=127.0.0.1:9997 @ '_rKX~DA$p^YP7o_" daemon [_thread_blocked, id=6148, stack(0x000000000f950000,0x000000000fa50000)]
  0x0000000007a8b000 JavaThread "Code server for userapp from Mozilla/5.0 (compatible; MSIE 9.0; Windows NT 6.1; Win64; x64; Trident/5.0; .NET CLR 2.0.50727; SLCC2; .NET CLR 3.5.30729; .NET CLR 3.0.30729; .NET4.0C; Media Center PC 6.0) on http://127.0.0.1:8888/UserApp.html?gwt.codesvr=127.0.0.1:9997 @ '5+Po)K?]O>{,$5*" daemon [_thread_blocked, id=7756, stack(0x000000000f850000,0x000000000f950000)]
  0x0000000007a86000 JavaThread "Code server for userapp from Mozilla/5.0 (compatible; MSIE 9.0; Windows NT 6.1; Win64; x64; Trident/5.0; .NET CLR 2.0.50727; SLCC2; .NET CLR 3.5.30729; .NET CLR 3.0.30729; .NET4.0C; Media Center PC 6.0) on http://127.0.0.1:8888/UserApp.html?gwt.codesvr=127.0.0.1:9997 @ uV_;%Y^Xuh)u$F#L" daemon [_thread_blocked, id=7188, stack(0x000000000a650000,0x000000000a750000)]
=>0x0000000007a89000 JavaThread "Code server for userapp from Mozilla/5.0 (compatible; MSIE 9.0; Windows NT 6.1; Win64; x64; Trident/5.0; .NET CLR 2.0.50727; SLCC2; .NET CLR 3.5.30729; .NET CLR 3.0.30729; .NET4.0C; Media Center PC 6.0) on http://127.0.0.1:8888/UserApp.html?gwt.codesvr=127.0.0.1:9997 @ `*|lb5}\llx7(M79" daemon [_thread_in_vm, id=4100, stack(0x000000000a750000,0x000000000a850000)]
  0x0000000007a87000 JavaThread "AWT-Windows" daemon [_thread_in_native, id=7052, stack(0x000000000cac0000,0x000000000cbc0000)]
  0x0000000007a85800 JavaThread "Java2D Disposer" daemon [_thread_blocked, id=8024, stack(0x000000000aa20000,0x000000000ab20000)]
  0x00000000067fa800 JavaThread "Code server for userapp from Mozilla/5.0 (compatible; MSIE 9.0; Windows NT 6.1; Win64; x64; Trident/5.0; .NET CLR 2.0.50727; SLCC2; .NET CLR 3.5.30729; .NET CLR 3.0.30729; .NET4.0C; Media Center PC 6.0) on http://127.0.0.1:8888/UserApp.html?gwt.codesvr=127.0.0.1:9997 @ z)=:4BE|l,w_;.k}" daemon [_thread_blocked, id=5240, stack(0x0000000008320000,0x0000000008420000)]
  0x00000000065a4000 JavaThread "Timer-0" daemon [_thread_blocked, id=4460, stack(0x0000000007550000,0x0000000007650000)]
  0x000000000818b000 JavaThread "13210346@qtp-1970189772-1 - Acceptor0 SelectChannelConnector@0.0.0.0:8888" [_thread_in_native, id=1476, stack(0x0000000007750000,0x0000000007850000)]
  0x0000000007b0e800 JavaThread "com.google.gwt.thirdparty.guava.common.base.internal.Finalizer" daemon [_thread_blocked, id=4572, stack(0x00000000084b0000,0x00000000085b0000)]
  0x00000000065b0800 JavaThread "Code server listener" daemon [_thread_in_native, id=1332, stack(0x0000000007850000,0x0000000007950000)]
  0x00000000065a4800 JavaThread "UnitWriteThread" daemon [_thread_blocked, id=4296, stack(0x0000000007650000,0x0000000007750000)]
  0x00000000062af000 JavaThread "Thread-2" daemon [_thread_blocked, id=6732, stack(0x0000000007350000,0x0000000007450000)]
  0x0000000006625800 JavaThread "Thread-1" [_thread_in_native, id=5784, stack(0x0000000007170000,0x0000000007270000)]
  0x0000000006510000 JavaThread "Low Memory Detector" daemon [_thread_blocked, id=6872, stack(0x0000000006ab0000,0x0000000006bb0000)]
  0x000000000650a800 JavaThread "C2 CompilerThread1" daemon [_thread_blocked, id=5724, stack(0x00000000069b0000,0x0000000006ab0000)]
  0x0000000006505000 JavaThread "C2 CompilerThread0" daemon [_thread_blocked, id=3364, stack(0x00000000068b0000,0x00000000069b0000)]
  0x0000000000526800 JavaThread "Attach Listener" daemon [_thread_blocked, id=6376, stack(0x00000000063b0000,0x00000000064b0000)]
  0x00000000060f0800 JavaThread "Signal Dispatcher" daemon [_thread_blocked, id=5124, stack(0x00000000062b0000,0x00000000063b0000)]
  0x0000000000512800 JavaThread "Finalizer" daemon [_thread_blocked, id=6744, stack(0x0000000005fb0000,0x00000000060b0000)]
  0x0000000000509800 JavaThread "Reference Handler" daemon [_thread_blocked, id=4604, stack(0x0000000005eb0000,0x0000000005fb0000)]
  0x00000000005ee800 JavaThread "main" [_thread_blocked, id=5988, stack(0x0000000002540000,0x0000000002640000)]

Other Threads:
  0x0000000000503000 VMThread [stack: 0x0000000005db0000,0x0000000005eb0000] [id=5168]
  0x0000000006522800 WatcherThread [stack: 0x0000000006bb0000,0x0000000006cb0000] [id=6300]

VM state:synchronizing (normal execution)

VM Mutex/Monitor currently owned by a thread:  ([mutex/lock_event])
[0x00000000005ecbe0] Threads_lock - owner thread: 0x0000000000503000
[0x00000000005ed0e0] Heap_lock - owner thread: 0x00000000061f0000

Heap
 PSYoungGen      total 131456K, used 1557K [0x00000000f5560000, 0x00000000fdda0000, 0x0000000100000000)
  eden space 131392K, 1% used [0x00000000f5560000,0x00000000f56e5570,0x00000000fd5b0000)
  from space 64K, 0% used [0x00000000fd5b0000,0x00000000fd5b0000,0x00000000fd5c0000)
  to   space 4032K, 0% used [0x00000000fd9b0000,0x00000000fd9b0000,0x00000000fdda0000)
 PSOldGen        total 349568K, used 255414K [0x00000000e0000000, 0x00000000f5560000, 0x00000000f5560000)
  object space 349568K, 73% used [0x00000000e0000000,0x00000000ef96db88,0x00000000f5560000)
 PSPermGen       total 83968K, used 83967K [0x00000000dae00000, 0x00000000e0000000, 0x00000000e0000000)
  object space 83968K, 99% used [0x00000000dae00000,0x00000000dfffffb0,0x00000000e0000000)

Code Cache  [0x0000000002750000, 0x0000000002e10000, 0x0000000005750000)
 total_blobs=1757 nmethods=1320 adapters=388 free_code_cache=43379456 largest_free_block=9024

Dynamic libraries:
0x0000000000400000 - 0x000000000042e000 	C:\Program Files\Java\jre6\bin\javaw.exe
0x0000000076fb0000 - 0x0000000077159000 	C:\Windows\SYSTEM32\ntdll.dll
0x0000000076ae0000 - 0x0000000076bff000 	C:\Windows\system32\kernel32.dll
0x000007fefc9a0000 - 0x000007fefca0c000 	C:\Windows\system32\KERNELBASE.dll
0x000007fefd180000 - 0x000007fefd25b000 	C:\Windows\system32\ADVAPI32.dll
0x000007fefe370000 - 0x000007fefe40f000 	C:\Windows\system32\msvcrt.dll
0x000007fefe350000 - 0x000007fefe36f000 	C:\Windows\SYSTEM32\sechost.dll
0x000007fefd2b0000 - 0x000007fefd3dd000 	C:\Windows\system32\RPCRT4.dll
0x0000000076eb0000 - 0x0000000076faa000 	C:\Windows\system32\USER32.dll
0x000007fefe2e0000 - 0x000007fefe347000 	C:\Windows\system32\GDI32.dll
0x000007fefcfd0000 - 0x000007fefcfde000 	C:\Windows\system32\LPK.dll
0x000007fefd0b0000 - 0x000007fefd179000 	C:\Windows\system32\USP10.dll
0x000007fefcfe0000 - 0x000007fefd00e000 	C:\Windows\system32\IMM32.DLL
0x000007fefe1d0000 - 0x000007fefe2d9000 	C:\Windows\system32\MSCTF.dll
0x000000006d7f0000 - 0x000000006dfa8000 	C:\Program Files\Java\jre6\bin\server\jvm.dll
0x000007fefa760000 - 0x000007fefa79b000 	C:\Windows\system32\WINMM.dll
0x000000006d760000 - 0x000000006d76e000 	C:\Program Files\Java\jre6\bin\verify.dll
0x000000006d3b0000 - 0x000000006d3d7000 	C:\Program Files\Java\jre6\bin\java.dll
0x000000006d360000 - 0x000000006d380000 	C:\Program Files\Java\jre6\bin\instrument.dll
0x000000006d7b0000 - 0x000000006d7c2000 	C:\Program Files\Java\jre6\bin\zip.dll
0x000000006d600000 - 0x000000006d617000 	C:\Program Files\Java\jre6\bin\net.dll
0x000007fefd260000 - 0x000007fefd2ad000 	C:\Windows\system32\WS2_32.dll
0x000007fefccc0000 - 0x000007fefccc8000 	C:\Windows\system32\NSI.dll
0x000007fefc120000 - 0x000007fefc175000 	C:\Windows\system32\mswsock.dll
0x000007fefc110000 - 0x000007fefc117000 	C:\Windows\System32\wship6.dll
0x000007fefbab0000 - 0x000007fefbab7000 	C:\Windows\System32\wshtcpip.dll
0x000007fef86d0000 - 0x000007fef86fe000 	C:\Program Files\Common Files\Microsoft Shared\Windows Live\WLIDNSP.DLL
0x0000000077170000 - 0x0000000077177000 	C:\Windows\system32\PSAPI.DLL
0x000007fefd010000 - 0x000007fefd081000 	C:\Windows\system32\SHLWAPI.dll
0x000007fefbfa0000 - 0x000007fefbffb000 	C:\Windows\system32\DNSAPI.dll
0x000007fefa4a0000 - 0x000007fefa4c7000 	C:\Windows\system32\IPHLPAPI.DLL
0x000007fefa480000 - 0x000007fefa48b000 	C:\Windows\system32\WINNSI.DLL
0x000007fef8630000 - 0x000007fef8638000 	C:\Windows\system32\rasadhlp.dll
0x000007fefa380000 - 0x000007fefa3d3000 	C:\Windows\System32\fwpuclnt.dll
0x000007fefc180000 - 0x000007fefc197000 	C:\Windows\system32\CRYPTSP.dll
0x000007fefbe80000 - 0x000007fefbec7000 	C:\Windows\system32\rsaenh.dll
0x000007fefbbf0000 - 0x000007fefbc0e000 	C:\Windows\system32\USERENV.dll
0x000007fefc8f0000 - 0x000007fefc8ff000 	C:\Windows\system32\profapi.dll
0x000007fefc820000 - 0x000007fefc82f000 	C:\Windows\system32\CRYPTBASE.dll
0x000007fefa990000 - 0x000007fefa9a5000 	C:\Windows\system32\NLAapi.dll
0x000007fef27c0000 - 0x000007fef27d5000 	C:\Windows\system32\napinsp.dll
0x000007fef27a0000 - 0x000007fef27b9000 	C:\Windows\system32\pnrpnsp.dll
0x000007fef2790000 - 0x000007fef279b000 	C:\Windows\System32\winrnr.dll
0x000000006d620000 - 0x000000006d62b000 	C:\Program Files\Java\jre6\bin\nio.dll
0x000000006d000000 - 0x000000006d1c3000 	C:\Program Files\Java\jre6\bin\awt.dll
0x000007fef9380000 - 0x000007fef93f1000 	C:\Windows\system32\WINSPOOL.DRV
0x000007fefe590000 - 0x000007fefe793000 	C:\Windows\system32\ole32.dll
0x000007fefd3e0000 - 0x000007fefe168000 	C:\Windows\system32\SHELL32.dll
0x000007fefb350000 - 0x000007fefb544000 	C:\Windows\WinSxS\amd64_microsoft.windows.common-controls_6595b64144ccf1df_6.0.7601.17514_none_fa396087175ac9ac\COMCTL32.dll
0x000007fefaf20000 - 0x000007fefaf38000 	C:\Windows\system32\DWMAPI.DLL
0x000007fefb000000 - 0x000007fefb056000 	C:\Windows\system32\uxtheme.dll
0x000000006d2a0000 - 0x000000006d306000 	C:\Program Files\Java\jre6\bin\fontmanager.dll
0x000007fef0ef0000 - 0x000007fef10ef000 	C:\Windows\system32\d3d9.dll
0x000007fefb9e0000 - 0x000007fefb9ec000 	C:\Windows\system32\VERSION.dll
0x000007fefaf80000 - 0x000007fefaf87000 	C:\Windows\system32\d3d8thk.dll
0x000007feea7c0000 - 0x000007feeb401000 	C:\Windows\system32\nvd3dumx.dll
0x000007fefb240000 - 0x000007fefb26c000 	C:\Windows\system32\powrprof.dll
0x000007fefcdf0000 - 0x000007fefcfc7000 	C:\Windows\system32\SETUPAPI.dll
0x000007fefcc60000 - 0x000007fefcc96000 	C:\Windows\system32\CFGMGR32.dll
0x000007fefe410000 - 0x000007fefe4e7000 	C:\Windows\system32\OLEAUT32.dll
0x000007fefcca0000 - 0x000007fefccba000 	C:\Windows\system32\DEVOBJ.dll

VM Arguments:
jvm_args: -Ddatastore.default_high_rep_job_policy_unapplied_job_pct=50 -Xmx512m -javaagent:D:\Eclipse\eclipse\plugins\com.google.appengine.eclipse.sdkbundle_1.6.1.v201201120043r36\appengine-java-sdk-1.6.1\lib\agent\appengine-agent.jar -Dfile.encoding=UTF-8 
java_command: com.google.gwt.dev.DevMode -remoteUI 49570:8227958430102 -startupUrl UserApp.html -logLevel INFO -codeServerPort 9997 -port 8888 -server com.google.appengine.tools.development.gwt.AppEngineLauncher -war D:\Eclipse\workspace\UserApp\war com.user.app.UserApp
Launcher Type: SUN_STANDARD

Environment Variables:
JAVA_HOME=C:\Program Files (x86)\Java\jdk1.6.0_27
CLASSPATH=.;C:\Program Files (x86)\Java\jre6\lib\ext\QTJava.zip
PATH=C:\Perl64\site\bin;C:\Perl64\bin;C:\Program Files (x86)\NVIDIA Corporation\PhysX\Common;C:\Program Files\Common Files\Microsoft Shared\Windows Live;C:\Program Files (x86)\Common Files\Microsoft Shared\Windows Live;C:\Program Files (x86)\Nokia\PC Connectivity Solution\;D:\oracle\app\oracle\product\10.2.0\server\bin;D:\Program Files (x86)\MiKTeX 2.7\miktex\bin;C:\PROGRA~2\Borland\CBUILD~1\Bin;C:\PROGRA~2\Borland\CBUILD~1\Projects\Bpl;C:\Windows\system32;C:\Windows;C:\Windows\System32\Wbem;C:\Windows\System32\WindowsPowerShell\v1.0\;C:\Program Files (x86)\Microsoft SQL Server\90\Tools\binn\;D:\Program Files (x86)\Samsung\Samsung PC Studio 3;C:\Program Files (x86)\Microsoft SQL Server\100\DTS\Binn\;C:\Program Files\Microsoft SQL Server\100\DTS\Binn\;C:\Program Files (x86)\Microsoft SQL Server\100\Tools\Binn\;C:\Program Files\Microsoft SQL Server\100\Tools\Binn\;C:\Program Files (x86)\Microsoft SQL Server\100\Tools\Binn\VSShell\Common7\IDE\;d:\Program Files (x86)\Microsoft Visual Studio 9.0\Common7\IDE\PrivateAssemblies\;D:\Program Files (x86)\Liquid Technologies\Liquid XML Studio 2009\XmlDataBinder7\Redist7\cpp\win32\bin;C:\Program Files (x86)\Liquid Technologies\Liquid XML Studio 2010\XmlDataBinder8\Redist8\cpp\win32\bin;D:\Program Files\TortoiseSVN\bin;C:\Program Files (x86)\Windows Live\Shared;D:\Program Files (x86)\ImageConverter Plus;D:\Program Files (x86)\ImageConverter Plus\Microsoft.VC90.CRT;D:\Program Files (x86)\ImageConverter Plus\Microsoft.VC90.MFC;C:\Program Files (x86)\Java\jdk1.6.0_27\bin;D:\apache-maven-3.0.3\bin;
USERNAME=Beata
OS=Windows_NT
PROCESSOR_IDENTIFIER=Intel64 Family 6 Model 23 Stepping 10, GenuineIntel



---------------  S Y S T E M  ---------------

OS: Windows 7 , 64 bit Build 7601 Service Pack 1

CPU:total 2 (2 cores per cpu, 1 threads per core) family 6 model 23 stepping 10, cmov, cx8, fxsr, mmx, sse, sse2, sse3, ssse3, sse4.1

Memory: 4k page, physical 4193524k(961928k free), swap 8385200k(2920020k free)

vm_info: Java HotSpot(TM) 64-Bit Server VM (20.2-b06) for windows-amd64 JRE (1.6.0_27-b07), built on Jul 19 2011 01:08:22 by "java_re" with MS VC++ 8.0 (VS2005)

time: Sun Jan 29 18:36:24 2012
elapsed time: 18574 seconds

